d_marro
mclawl
metalgearma4
slammjunk
entergaymode
karkesis
teeel1
tuerwox
taibu
avyxyva
bolt7th
zsyg
gloomstacklord
nextleveldevil
texory
xumasso
4_head_
zxi91
brwarden
alcabo
kdragon
starbuckswitch
gachichan
xmnemotic
bobbo343
blak3_nikos
fangoose
bga9
madpoison510
sakn104
osakathebaka
farisu
comfyyuuna
argentredmage74
imzirg
kekemonster
ahkosmachina
lordsk
sinetha
lysergicknight
shallyshaska
async_7
108play
miraitre
thejeansupreme
mousydesu
malithas4
flammalpha
dariya
taco414433
meirlerman
michaelsees
wingedflow
paxiya
garykemp
doodtheman
siberionhusky
danskacreme
cmd_brownie
flaming_tornado
kopijunior
posadabot
selgrin
carnovrc
costcomember
hensingdota
bartuhh
deltamissfits
nicozac3982
gotribs
tetsuya_chains
sp3edythemouse
zyriuslive
emiok
gamjee
irrelevantferret
mcf33ly
wolfsaiyanxi
frendie
karnetus
t0xthicc
5x5_5_5_5_5
sushivrc
kasoran
melakdote
ottxr_
korrdz_
zeus_kishin
usanaghi
ellieisthestar
ollum
tabbyboon
potchad
d3xless
rylaicrystal
admiralva
degen_1337
kaizuzu
larbyy
jessereed10
vavassor
pinnopinotagerose
polarmonke
admiral_popnfresh
